Build started 21/04/2013 20:19:37.
     1>Project "F:\Projects\My Projects\TheBall-game.git\trunk\The Ball Game\TheBall\TheBall.vcxproj" on node 2 (Build target(s)).
     1>ClCompile:
         C:\Program Files (x86)\Microsoft Visual Studio 11.0\VC\bin\CL.exe /c /ZI /nologo /W3 /WX- /Od /Oy- /D WIN32 /D _DEBUG /D _CONSOLE /D _UNICODE /D UNICODE /Gm /EHsc /RTC1 /MDd /GS /fp:precise /Zc:wchar_t /Zc:forScope /Fo"Debug\\" /Fd"Debug\vc110.pdb" /Gd /TP /analyze- /errorReport:prompt Application.cpp Game.cpp
         Application.cpp
         Generating Code...
         Skipping... (no relevant changes detected)
         Game.cpp
       Link:
         C:\Program Files (x86)\Microsoft Visual Studio 11.0\VC\bin\link.exe /ERRORREPORT:PROMPT /OUT:"F:\Projects\My Projects\TheBall-game.git\trunk\The Ball Game\Debug\TheBall.exe" /INCREMENTAL /NOLOGO GLFW.lib glew32.lib opengl32.lib glu32.lib kernel32.lib user32.lib gdi32.lib winspool.lib comdlg32.lib advapi32.lib shell32.lib ole32.lib oleaut32.lib uuid.lib odbc32.lib odbccp32.lib /MANIFEST /MANIFESTUAC:"level='asInvoker' uiAccess='false'" /manifest:embed /DEBUG /PDB:"F:\Projects\My Projects\TheBall-game.git\trunk\The Ball Game\Debug\TheBall.pdb" /SUBSYSTEM:CONSOLE /TLBID:1 /DYNAMICBASE /NXCOMPAT /IMPLIB:"F:\Projects\My Projects\TheBall-game.git\trunk\The Ball Game\Debug\TheBall.lib" /MACHINE:X86 Debug\Application.obj
         Debug\Ball.obj
         Debug\Game.obj
     1>Application.obj : error LNK2019: unresolved external symbol __imp__glewInit@0 referenced in function "public: void __thiscall Application::initializeScene(void)" (?initializeScene@Application@@QAEXXZ)
     1>Application.obj : error LNK2019: unresolved external symbol _glfwInit referenced in function "public: void __thiscall Application::initializeScene(void)" (?initializeScene@Application@@QAEXXZ)
     1>Application.obj : error LNK2019: unresolved external symbol _glfwTerminate referenced in function "public: void __thiscall Application::run(void)" (?run@Application@@QAEXXZ)
     1>Application.obj : error LNK2019: unresolved external symbol _glfwOpenWindow referenced in function "public: void __thiscall Application::initializeScene(void)" (?initializeScene@Application@@QAEXXZ)
     1>Application.obj : error LNK2019: unresolved external symbol _glfwOpenWindowHint referenced in function "public: void __thiscall Application::initializeScene(void)" (?initializeScene@Application@@QAEXXZ)
     1>F:\Projects\My Projects\TheBall-game.git\trunk\The Ball Game\Debug\TheBall.exe : fatal error LNK1120: 5 unresolved externals
     1>Done Building Project "F:\Projects\My Projects\TheBall-game.git\trunk\The Ball Game\TheBall\TheBall.vcxproj" (Build target(s)) -- FAILED.

Build FAILED.

Time Elapsed 00:00:02.03
